<?xml version="1.0" encoding="UTF-8"?>
<!-- Generated by org.testng.reporters.JUnitReportReporter -->
<testsuite skipped="0" hostname="LAPTOP-Q9BAQ8TT" name="com.tests.LoginTest" tests="2" failures="0" timestamp="12 Mar 2020 21:50:22 GMT" time="29.289" errors="0">
  <testcase name="logoTest" time="13.657" classname="com.tests.LoginTest"/>
  <testcase name="getTitle" time="15.632" classname="com.tests.LoginTest"/>
</testsuite> <!-- com.tests.LoginTest -->
